<?xml version="1.0" encoding="UTF-8"?>
<!-- Generated by org.testng.reporters.JUnitReportReporter -->
<testsuite hostname="ATMECSINDT-083" failures="0" tests="2" name="com.Konakart.Testscript.trst" time="2.099" errors="0" timestamp="04 Oct 2019 06:40:52 GMT" skipped="0">
  <testcase classname="com.Konakart.Testscript.trst" name="testcase" time="1.154"/>
  <testcase classname="com.Konakart.Testscript.trst" name="testcase1" time="0.945"/>
</testsuite> <!-- com.Konakart.Testscript.trst -->
