<?xml version="1.0" encoding="UTF-8"?>
<!-- Generated by org.testng.reporters.JUnitReportReporter -->
<testsuite hostname="ATMECSINDT-083" failures="0" tests="5" name="com.Konakart.Testscript.ValidateDropdownList" time="27.710" errors="0" timestamp="04 Oct 2019 14:33:02 GMT" skipped="0">
  <testcase classname="com.Konakart.Testscript.ValidateDropdownList" name="validateDropdownList" time="5.427"/>
  <testcase classname="com.Konakart.Testscript.ValidateDropdownList" name="validateDropdownList" time="5.401"/>
  <testcase classname="com.Konakart.Testscript.ValidateDropdownList" name="validateDropdownList" time="5.940"/>
  <testcase classname="com.Konakart.Testscript.ValidateDropdownList" name="validateDropdownList" time="5.533"/>
  <testcase classname="com.Konakart.Testscript.ValidateDropdownList" name="validateDropdownList" time="5.409"/>
</testsuite> <!-- com.Konakart.Testscript.ValidateDropdownList -->
