<?xml version="1.0" encoding="UTF-8"?>
<!-- Generated by org.testng.reporters.JUnitReportReporter -->
<testsuite skipped="0" hostname="ATMECSINLT-031" name="com.Konakart.Testscript.ProductOutcome" tests="19" failures="0" timestamp="2019-10-09T10:41:05 IST" time="61.097" errors="0">
  <testcase name="positiveProductOutcome" time="3.089" classname="com.Konakart.Testscript.ProductOutcome"/>
  <testcase name="positiveProductOutcome" time="3.168" classname="com.Konakart.Testscript.ProductOutcome"/>
  <testcase name="positiveProductOutcome" time="3.725" classname="com.Konakart.Testscript.ProductOutcome"/>
  <testcase name="positiveProductOutcome" time="3.155" classname="com.Konakart.Testscript.ProductOutcome"/>
  <testcase name="positiveProductOutcome" time="3.277" classname="com.Konakart.Testscript.ProductOutcome"/>
  <testcase name="positiveProductOutcome" time="3.339" classname="com.Konakart.Testscript.ProductOutcome"/>
  <testcase name="positiveProductOutcome" time="3.417" classname="com.Konakart.Testscript.ProductOutcome"/>
  <testcase name="positiveProductOutcome" time="3.552" classname="com.Konakart.Testscript.ProductOutcome"/>
  <testcase name="positiveProductOutcome" time="3.647" classname="com.Konakart.Testscript.ProductOutcome"/>
  <testcase name="positiveProductOutcome" time="3.390" classname="com.Konakart.Testscript.ProductOutcome"/>
  <testcase name="negativeProductOutcome" time="3.318" classname="com.Konakart.Testscript.ProductOutcome"/>
  <testcase name="negativeProductOutcome" time="3.193" classname="com.Konakart.Testscript.ProductOutcome"/>
  <testcase name="negativeProductOutcome" time="3.029" classname="com.Konakart.Testscript.ProductOutcome"/>
  <testcase name="negativeProductOutcome" time="2.821" classname="com.Konakart.Testscript.ProductOutcome"/>
  <testcase name="negativeProductOutcome" time="2.875" classname="com.Konakart.Testscript.ProductOutcome"/>
  <testcase name="negativeProductOutcome" time="3.110" classname="com.Konakart.Testscript.ProductOutcome"/>
  <testcase name="negativeProductOutcome" time="3.066" classname="com.Konakart.Testscript.ProductOutcome"/>
  <testcase name="negativeProductOutcome" time="3.238" classname="com.Konakart.Testscript.ProductOutcome"/>
  <testcase name="negativeProductOutcome" time="2.688" classname="com.Konakart.Testscript.ProductOutcome"/>
</testsuite> <!-- com.Konakart.Testscript.ProductOutcome -->
