<?xml version="1.0" encoding="UTF-8"?>
<!-- Generated by org.testng.reporters.JUnitReportReporter -->
<testsuite skipped="0" hostname="ATMECSINLT-031" name="com.Konakart.Testscript.ProductDetails" tests="1" failures="1" timestamp="2019-10-07T19:15:59 IST" time="4.769" errors="0">
  <testcase name="validateproduct" time="4.769" classname="com.Konakart.Testscript.ProductDetails">
    <failure type="java.lang.AssertionError" message="did not expect to find [null] but found [The De&#039;Longhi BCO 410 is a 15 bar espresso/filter coffee machine that will ensure you get the perfect coffee experience, regardless of your tastes. Able to make 10 cups of filter coffee or individual espressos (either via ground coffee or with &quot;Easy Serving Espresso&quot; pods), the BCO 410 is a versatile and high-quality machine. The espresso portion of the machine comes complete with a crema filter holder, adjustable steam emission, removable water reservoir and cup holder. The filter coffee portion of the machine comes complete with a jug warmer to ensure the coffee remains hot after brewing, frontal loading to make the machine incredibly easy to refill (both water and coffee) and a water filtration system to make your coffee taste that much better.]">
      <![CDATA[java.lang.AssertionError: did not expect to find [null] but found [The De'Longhi BCO 410 is a 15 bar espresso/filter coffee machine that will ensure you get the perfect coffee experience, regardless of your tastes. Able to make 10 cups of filter coffee or individual espressos (either via ground coffee or with "Easy Serving Espresso" pods), the BCO 410 is a versatile and high-quality machine. The espresso portion of the machine comes complete with a crema filter holder, adjustable steam emission, removable water reservoir and cup holder. The filter coffee portion of the machine comes complete with a jug warmer to ensure the coffee remains hot after brewing, frontal loading to make the machine incredibly easy to refill (both water and coffee) and a water filtration system to make your coffee taste that much better.]
at org.testng.Assert.fail(Assert.java:97)
at org.testng.Assert.failNotEquals(Assert.java:969)
at org.testng.Assert.assertEqualsImpl(Assert.java:131)
at org.testng.Assert.assertEquals(Assert.java:118)
at org.testng.Assert.assertEquals(Assert.java:575)
at org.testng.Assert.assertEquals(Assert.java:585)
at com.Konakart.Pages.ValidateProductDetails.validateProductDetails(ValidateProductDetails.java:30)
at com.Konakart.Testscript.ProductDetails.validateproduct(ProductDetails.java:30)
at sun.reflect.NativeMethodAccessorImpl.invoke0(Native Method)
at sun.reflect.NativeMethodAccessorImpl.invoke(Unknown Source)
at sun.reflect.DelegatingMethodAccessorImpl.invoke(Unknown Source)
at java.lang.reflect.Method.invoke(Unknown Source)
at org.testng.internal.MethodInvocationHelper.invokeMethod(MethodInvocationHelper.java:133)
at org.testng.internal.TestInvoker.invokeMethod(TestInvoker.java:584)
at org.testng.internal.TestInvoker.invokeTestMethod(TestInvoker.java:172)
at org.testng.internal.MethodRunner.runInSequence(MethodRunner.java:46)
at org.testng.internal.TestInvoker$MethodInvocationAgent.invoke(TestInvoker.java:804)
at org.testng.internal.TestInvoker.invokeTestMethods(TestInvoker.java:145)
at org.testng.internal.TestMethodWorker.invokeTestMethods(TestMethodWorker.java:146)
at org.testng.internal.TestMethodWorker.run(TestMethodWorker.java:128)
at java.util.ArrayList.forEach(Unknown Source)
at org.testng.TestRunner.privateRun(TestRunner.java:770)
at org.testng.TestRunner.run(TestRunner.java:591)
at org.testng.SuiteRunner.runTest(SuiteRunner.java:402)
at org.testng.SuiteRunner.runSequentially(SuiteRunner.java:396)
at org.testng.SuiteRunner.privateRun(SuiteRunner.java:355)
at org.testng.SuiteRunner.run(SuiteRunner.java:304)
at org.testng.SuiteRunnerWorker.runSuite(SuiteRunnerWorker.java:53)
at org.testng.SuiteRunnerWorker.run(SuiteRunnerWorker.java:96)
at org.testng.TestNG.runSuitesSequentially(TestNG.java:1180)
at org.testng.TestNG.runSuitesLocally(TestNG.java:1102)
at org.testng.TestNG.runSuites(TestNG.java:1032)
at org.testng.TestNG.run(TestNG.java:1000)
at org.testng.remote.AbstractRemoteTestNG.run(AbstractRemoteTestNG.java:115)
at org.testng.remote.RemoteTestNG.initAndRun(RemoteTestNG.java:251)
at org.testng.remote.RemoteTestNG.main(RemoteTestNG.java:77)
]]>
    </failure>
  </testcase> <!-- validateproduct -->
</testsuite> <!-- com.Konakart.Testscript.ProductDetails -->
