<?xml version="1.0" encoding="UTF-8"?>
<!-- Generated by org.testng.reporters.JUnitReportReporter -->
<testsuite skipped="0" hostname="ATMECSINLT-031" name="com.Konakart.Testscript.ProductDetails" tests="1" failures="0" timestamp="2019-10-09T11:11:03 IST" time="0.665" errors="0">
  <testcase name="validateproduct" time="0.665" classname="com.Konakart.Testscript.ProductDetails"/>
</testsuite> <!-- com.Konakart.Testscript.ProductDetails -->
