<?xml version="1.0" encoding="UTF-8"?>
<!-- Generated by org.testng.reporters.JUnitReportReporter -->
<testsuite skipped="0" hostname="ATMECSINLT-031" name="com.Konakart.Testscript.ProductOutcome" tests="19" failures="0" timestamp="2019-10-09T17:23:26 IST" time="34.256" errors="0">
  <testcase name="positiveProductOutcome" time="1.804" classname="com.Konakart.Testscript.ProductOutcome"/>
  <testcase name="positiveProductOutcome" time="1.793" classname="com.Konakart.Testscript.ProductOutcome"/>
  <testcase name="positiveProductOutcome" time="1.774" classname="com.Konakart.Testscript.ProductOutcome"/>
  <testcase name="positiveProductOutcome" time="1.803" classname="com.Konakart.Testscript.ProductOutcome"/>
  <testcase name="positiveProductOutcome" time="1.855" classname="com.Konakart.Testscript.ProductOutcome"/>
  <testcase name="positiveProductOutcome" time="1.709" classname="com.Konakart.Testscript.ProductOutcome"/>
  <testcase name="positiveProductOutcome" time="3.551" classname="com.Konakart.Testscript.ProductOutcome"/>
  <testcase name="positiveProductOutcome" time="1.771" classname="com.Konakart.Testscript.ProductOutcome"/>
  <testcase name="positiveProductOutcome" time="1.681" classname="com.Konakart.Testscript.ProductOutcome"/>
  <testcase name="positiveProductOutcome" time="1.928" classname="com.Konakart.Testscript.ProductOutcome"/>
  <testcase name="negativeProductOutcome" time="1.608" classname="com.Konakart.Testscript.ProductOutcome"/>
  <testcase name="negativeProductOutcome" time="1.669" classname="com.Konakart.Testscript.ProductOutcome"/>
  <testcase name="negativeProductOutcome" time="1.575" classname="com.Konakart.Testscript.ProductOutcome"/>
  <testcase name="negativeProductOutcome" time="1.624" classname="com.Konakart.Testscript.ProductOutcome"/>
  <testcase name="negativeProductOutcome" time="1.535" classname="com.Konakart.Testscript.ProductOutcome"/>
  <testcase name="negativeProductOutcome" time="1.693" classname="com.Konakart.Testscript.ProductOutcome"/>
  <testcase name="negativeProductOutcome" time="1.661" classname="com.Konakart.Testscript.ProductOutcome"/>
  <testcase name="negativeProductOutcome" time="1.631" classname="com.Konakart.Testscript.ProductOutcome"/>
  <testcase name="negativeProductOutcome" time="1.591" classname="com.Konakart.Testscript.ProductOutcome"/>
</testsuite> <!-- com.Konakart.Testscript.ProductOutcome -->
