<?xml version="1.0" encoding="UTF-8"?>
<!-- Generated by org.testng.reporters.JUnitReportReporter -->
<testsuite skipped="0" hostname="ATMECSINLT-031" name="com.Konakart.Testscript.ProductOutcome" tests="19" failures="0" timestamp="2019-10-10T20:40:25 IST" time="37.034" errors="0">
  <testcase name="positiveProductOutcome" time="3.134" classname="com.Konakart.Testscript.ProductOutcome"/>
  <testcase name="positiveProductOutcome" time="1.783" classname="com.Konakart.Testscript.ProductOutcome"/>
  <testcase name="positiveProductOutcome" time="2.076" classname="com.Konakart.Testscript.ProductOutcome"/>
  <testcase name="positiveProductOutcome" time="1.985" classname="com.Konakart.Testscript.ProductOutcome"/>
  <testcase name="positiveProductOutcome" time="1.914" classname="com.Konakart.Testscript.ProductOutcome"/>
  <testcase name="positiveProductOutcome" time="2.020" classname="com.Konakart.Testscript.ProductOutcome"/>
  <testcase name="positiveProductOutcome" time="1.869" classname="com.Konakart.Testscript.ProductOutcome"/>
  <testcase name="positiveProductOutcome" time="1.794" classname="com.Konakart.Testscript.ProductOutcome"/>
  <testcase name="positiveProductOutcome" time="1.666" classname="com.Konakart.Testscript.ProductOutcome"/>
  <testcase name="positiveProductOutcome" time="1.707" classname="com.Konakart.Testscript.ProductOutcome"/>
  <testcase name="negativeProductOutcome" time="1.989" classname="com.Konakart.Testscript.ProductOutcome"/>
  <testcase name="negativeProductOutcome" time="1.836" classname="com.Konakart.Testscript.ProductOutcome"/>
  <testcase name="negativeProductOutcome" time="1.773" classname="com.Konakart.Testscript.ProductOutcome"/>
  <testcase name="negativeProductOutcome" time="1.880" classname="com.Konakart.Testscript.ProductOutcome"/>
  <testcase name="negativeProductOutcome" time="1.897" classname="com.Konakart.Testscript.ProductOutcome"/>
  <testcase name="negativeProductOutcome" time="2.228" classname="com.Konakart.Testscript.ProductOutcome"/>
  <testcase name="negativeProductOutcome" time="1.768" classname="com.Konakart.Testscript.ProductOutcome"/>
  <testcase name="negativeProductOutcome" time="1.840" classname="com.Konakart.Testscript.ProductOutcome"/>
  <testcase name="negativeProductOutcome" time="1.875" classname="com.Konakart.Testscript.ProductOutcome"/>
</testsuite> <!-- com.Konakart.Testscript.ProductOutcome -->
